0 info it worked if it ends with ok
1 verbose cli [ 'D:\\Program Files\\nodejs\\node.exe',
1 verbose cli   'D:\\Program Files\\nodejs\\node_modules\\npm\\bin\\npm-cli.js',
1 verbose cli   'install',
1 verbose cli   'jQuery@1.8.3' ]
2 info using npm@2.15.9
3 info using node@v4.6.0
4 verbose install initial load of E:\study\mychart\package.json
5 warn package.json leo@1.0.0 No description
6 warn package.json leo@1.0.0 No repository field.
7 warn package.json leo@1.0.0 No README data
8 verbose installManyTop reading scoped package data from E:\study\mychart\node_modules\highcharts\package.json
9 info package.json highcharts@v5.0.12 license should be a valid SPDX license expression
10 verbose readDependencies loading dependencies from E:\study\mychart\package.json
11 silly cache add args [ 'jQuery@1.8.3', null ]
12 verbose cache add spec jQuery@1.8.3
13 silly cache add parsed spec Result {
13 silly cache add   raw: 'jQuery@1.8.3',
13 silly cache add   scope: null,
13 silly cache add   name: 'jQuery',
13 silly cache add   rawSpec: '1.8.3',
13 silly cache add   spec: '1.8.3',
13 silly cache add   type: 'version' }
14 silly addNamed jQuery@1.8.3
15 verbose addNamed "1.8.3" is a plain semver version for jQuery
16 silly mapToRegistry name jQuery
17 silly mapToRegistry using default registry
18 silly mapToRegistry registry https://registry.npmjs.org/
19 silly mapToRegistry data Result {
19 silly mapToRegistry   raw: 'jQuery',
19 silly mapToRegistry   scope: null,
19 silly mapToRegistry   name: 'jQuery',
19 silly mapToRegistry   rawSpec: '',
19 silly mapToRegistry   spec: 'latest',
19 silly mapToRegistry   type: 'tag' }
20 silly mapToRegistry uri https://registry.npmjs.org/jQuery
21 verbose addNameVersion registry:https://registry.npmjs.org/jQuery not in flight; fetching
22 verbose request uri https://registry.npmjs.org/jQuery
23 verbose request no auth needed
24 info attempt registry request try #1 at 17:26:47
25 verbose request id 1e64385e246ed193
26 verbose etag W/"591e1419-1fb4"
27 verbose lastModified Thu, 18 May 2017 21:37:29 GMT
28 http request GET https://registry.npmjs.org/jQuery
29 http 304 https://registry.npmjs.org/jQuery
30 verbose headers { date: 'Fri, 04 Aug 2017 09:27:34 GMT',
30 verbose headers   via: '1.1 varnish',
30 verbose headers   'cache-control': 'max-age=300',
30 verbose headers   etag: 'W/"591e1419-1fb4"',
30 verbose headers   age: '145',
30 verbose headers   connection: 'keep-alive',
30 verbose headers   'x-served-by': 'cache-nrt6121-NRT',
30 verbose headers   'x-cache': 'HIT',
30 verbose headers   'x-cache-hits': '1',
30 verbose headers   'x-timer': 'S1501838855.893290,VS0,VE0',
30 verbose headers   vary: 'Accept-Encoding, Accept' }
31 silly get cb [ 304,
31 silly get   { date: 'Fri, 04 Aug 2017 09:27:34 GMT',
31 silly get     via: '1.1 varnish',
31 silly get     'cache-control': 'max-age=300',
31 silly get     etag: 'W/"591e1419-1fb4"',
31 silly get     age: '145',
31 silly get     connection: 'keep-alive',
31 silly get     'x-served-by': 'cache-nrt6121-NRT',
31 silly get     'x-cache': 'HIT',
31 silly get     'x-cache-hits': '1',
31 silly get     'x-timer': 'S1501838855.893290,VS0,VE0',
31 silly get     vary: 'Accept-Encoding, Accept' } ]
32 verbose etag https://registry.npmjs.org/jQuery from cache
33 verbose get saving jQuery to C:\Users\XX\AppData\Roaming\npm-cache\registry.npmjs.org\jQuery\.cache.json
34 verbose correctMkdir C:\Users\XX\AppData\Roaming\npm-cache correctMkdir not in flight; initializing
35 verbose stack Error: version not found: jQuery@1.8.3
35 verbose stack     at setData (D:\Program Files\nodejs\node_modules\npm\lib\cache\add-named.js:137:12)
35 verbose stack     at RES (D:\Program Files\nodejs\node_modules\npm\node_modules\inflight\inflight.js:23:14)
35 verbose stack     at f (D:\Program Files\nodejs\node_modules\npm\node_modules\once\once.js:17:25)
35 verbose stack     at fixName (D:\Program Files\nodejs\node_modules\npm\lib\cache\add-named.js:29:5)
35 verbose stack     at saved (D:\Program Files\nodejs\node_modules\npm\lib\cache\caching-client.js:173:7)
35 verbose stack     at D:\Program Files\nodejs\node_modules\npm\node_modules\graceful-fs\polyfills.js:210:7
35 verbose stack     at FSReqWrap.oncomplete (fs.js:82:15)
36 verbose statusCode 404
37 verbose cwd E:\study\mychart
38 error Windows_NT 10.0.14393
39 error argv "D:\\Program Files\\nodejs\\node.exe" "D:\\Program Files\\nodejs\\node_modules\\npm\\bin\\npm-cli.js" "install" "jQuery@1.8.3"
40 error node v4.6.0
41 error npm  v2.15.9
42 error version not found: jQuery@1.8.3
43 error If you need help, you may report this error at:
43 error     <https://github.com/npm/npm/issues>
44 verbose exit [ 1, true ]
